{"name": "test_login", "status": "failed", "statusDetails": {"message": "AssertionError: assert False", "trace": "self = <testCases.test_login.Test_001_Login object at 0x00000172052D0220>\nsetup = <selenium.webdriver.chrome.webdriver.WebDriver (session=\"b4294dc5beb355abdada295e3ddb9353\")>\n\n    @allure.severity(allure.severity_level.BLOCKER)\n    def test_login(self , setup):\n        self.driver = setup\n        self.lp=LoginPage(self.driver)\n        self.driver.get(self.baseURL)\n        self.driver.implicitly_wait(5)\n    \n        self.lp.setUsername(self.username)\n        self.lp.setPassword(self.password)\n        self.lp.clickLogin()\n        self.lp.driver.maximize_window()\n        act_val= self.lp.driver.title\n        if act_val == \"Dashboar / nopCommerce administration\":\n            self.lp.driver.close()\n            assert True\n        else:\n            self.lp.driver.save_screenshot(\".\\\\saveScreenshots\\\\\" + \"test_login.png\")\n            self.lp.driver.close()\n>           assert False\nE           assert False\n\ntestCases\\test_login.py:43: AssertionError"}, "start": 1715250553172, "stop": 1715250564653, "uuid": "f16e4a5f-6f21-445f-9914-94feba08dd19", "historyId": "c37f62480a8c23c1deb6618028f9eed6", "testCaseId": "c37f62480a8c23c1deb6618028f9eed6", "fullName": "testCases.test_login.Test_001_Login#test_login", "labels": [{"name": "severity", "value": "blocker"}, {"name": "parentSuite", "value": "testCases"}, {"name": "suite", "value": "test_login"}, {"name": "subSuite", "value": "Test_001_Login"}, {"name": "host", "value": "DESKTOP-I8AFNUK"}, {"name": "thread", "value": "6764-MainThread"}, {"name": "framework", "value": "pytest"}, {"name": "language", "value": "cpython3"}, {"name": "package", "value": "testCases.test_login"}]}